-------------------------------------------------
🩸 Blood Donation Bot - Reply Log
-------------------------------------------------
(Replies will appear here below...)

[BOT REPLIED] Chat: -1003695872031
Message: No donors found with blood type set.
KB: None
------------------------------

[BOT REPLIED] Chat: -1003695872031
Message: No donors found with blood type set.
KB: None
------------------------------

[BOT REPLIED] Chat: 999999
Message: 👋 Welcome to Blood Donation-Siwad.
Please click the START button below to proceed.

                                        👇👇👇
KB: {'keyboard': [[{'text': '✅ START', 'request_contact': True}]], 'resize_keyboard': True, 'one_time_keyboard': True}
------------------------------

[BOT REPLIED] Chat: 999999
Message: 👋 Welcome to Blood Donation-Siwad.
Please click the START button below to proceed.

                                        👇👇👇
KB: {'keyboard': [[{'text': '✅ START', 'request_contact': True}]], 'resize_keyboard': True, 'one_time_keyboard': True}
------------------------------

[BOT REPLIED] Chat: -1003695872031
Message: No donors found with blood type set.
KB: None
------------------------------

[BOT REPLIED] Chat: -1003695872031
Message: No donors found with blood type set.
KB: None
------------------------------

[BOT REPLIED] Chat: -1003695872031
Message: No donors found with blood type set.
KB: None
------------------------------

[BOT REPLIED] Chat: -1003695872031
Message: No donors found with blood type set.
KB: None
------------------------------
